# JRE version: Java(TM) SE Runtime Environment (21.0.4+8) (build 21.0.4+8-LTS-274)
# Java VM: Java HotSpot(TM) 64-Bit Server VM (21.0.4+8-LTS-274, mixed mode, sharing, tiered, compressed oops, compressed class ptrs, g1 gc, windows-amd64)
GC Precious Log:
 CardTable entry size: 512
 Card Set container configuration: InlinePtr #cards 5 size 8 Array Of Cards #cards 12 size 40 Howl #buckets 4 coarsen threshold 1843 Howl Bitmap #cards 512 size 80 coarsen threshold 460 Card regions per heap region 1 cards per card region 2048
 CPUs: 4 total, 4 available
 Memory: 3517M
 Large Page Support: Disabled
 NUMA Support: Disabled
 Compressed Oops: Enabled (32-bit)
 Heap Region Size: 1M
 Heap Min Capacity: 8M
 Heap Initial Capacity: 56M
 Heap Max Capacity: 880M
 Pre-touch: Disabled
 Parallel Workers: 4
 Concurrent Workers: 1
 Concurrent Refinement Workers: 4
 Periodic GC: Disabled
Heap:
 garbage-first heap   total 51200K, used 29144K [0x00000000c9000000, 0x0000000100000000)
  region size 1024K, 14 young (14336K), 4 survivors (4096K)
 Metaspace       used 38298K, committed 38784K, reserved 1114112K
  class space    used 4774K, committed 4992K, reserved 1048576K
GC Heap History (20 events):
Event: 144.621 GC heap before
{Heap before GC invocations=5 (full 0):
 garbage-first heap   total 57344K, used 12498K [0x00000000c9000000, 0x0000000100000000)
  region size 1024K, 8 young (8192K), 1 survivors (1024K)
 Metaspace       used 6378K, committed 6656K, reserved 1114112K
  class space    used 732K, committed 832K, reserved 1048576K
}
Event: 144.624 GC heap after
{Heap after GC invocations=6 (full 0):
 garbage-first heap   total 57344K, used 6880K [0x00000000c9000000, 0x0000000100000000)
  region size 1024K, 1 young (1024K), 1 survivors (1024K)
 Metaspace       used 6378K, committed 6656K, reserved 1114112K
  class space    used 732K, committed 832K, reserved 1048576K
}
Event: 163.900 GC heap before
{Heap before GC invocations=6 (full 0):
 garbage-first heap   total 57344K, used 16096K [0x00000000c9000000, 0x0000000100000000)
  region size 1024K, 10 young (10240K), 1 survivors (1024K)
 Metaspace       used 8650K, committed 8960K, reserved 1114112K
  class space    used 1071K, committed 1216K, reserved 1048576K
}
Event: 163.904 GC heap after
{Heap after GC invocations=7 (full 0):
 garbage-first heap   total 57344K, used 7776K [0x00000000c9000000, 0x0000000100000000)
  region size 1024K, 2 young (2048K), 2 survivors (2048K)
 Metaspace       used 8650K, committed 8960K, reserved 1114112K
  class space    used 1071K, committed 1216K, reserved 1048576K
}
Event: 181.244 GC heap before
{Heap before GC invocations=7 (full 0):
 garbage-first heap   total 57344K, used 20064K [0x00000000c9000000, 0x0000000100000000)
  region size 1024K, 15 young (15360K), 2 survivors (2048K)
 Metaspace       used 12494K, committed 12800K, reserved 1114112K
  class space    used 1519K, committed 1664K, reserved 1048576K
}
Event: 181.251 GC heap after
{Heap after GC invocations=8 (full 0):
 garbage-first heap   total 57344K, used 8701K [0x00000000c9000000, 0x0000000100000000)
  region size 1024K, 2 young (2048K), 2 survivors (2048K)
 Metaspace       used 12494K, committed 12800K, reserved 1114112K
  class space    used 1519K, committed 1664K, reserved 1048576K
}
Event: 187.862 GC heap before
{Heap before GC invocations=8 (full 0):
 garbage-first heap   total 57344K, used 22013K [0x00000000c9000000, 0x0000000100000000)
  region size 1024K, 16 young (16384K), 2 survivors (2048K)
 Metaspace       used 16337K, committed 16640K, reserved 1114112K
  class space    used 1996K, committed 2112K, reserved 1048576K
}
Event: 187.871 GC heap after
{Heap after GC invocations=9 (full 0):
 garbage-first heap   total 57344K, used 9952K [0x00000000c9000000, 0x0000000100000000)
  region size 1024K, 2 young (2048K), 2 survivors (2048K)
 Metaspace       used 16337K, committed 16640K, reserved 1114112K
  class space    used 1996K, committed 2112K, reserved 1048576K
}
Event: 210.309 GC heap before
{Heap before GC invocations=9 (full 0):
 garbage-first heap   total 57344K, used 21216K [0x00000000c9000000, 0x0000000100000000)
  region size 1024K, 14 young (14336K), 2 survivors (2048K)
 Metaspace       used 18384K, committed 18688K, reserved 1114112K
  class space    used 2229K, committed 2368K, reserved 1048576K
}
Event: 210.317 GC heap after
{Heap after GC invocations=10 (full 0):
 garbage-first heap   total 57344K, used 12242K [0x00000000c9000000, 0x0000000100000000)
  region size 1024K, 2 young (2048K), 2 survivors (2048K)
 Metaspace       used 18384K, committed 18688K, reserved 1114112K
  class space    used 2229K, committed 2368K, reserved 1048576K
}
Event: 229.772 GC heap before
{Heap before GC invocations=10 (full 0):
 garbage-first heap   total 57344K, used 27602K [0x00000000c9000000, 0x0000000100000000)
  region size 1024K, 18 young (18432K), 2 survivors (2048K)
 Metaspace       used 19920K, committed 20288K, reserved 1114112K
  class space    used 2402K, committed 2560K, reserved 1048576K
}
Event: 229.778 GC heap after
{Heap after GC invocations=11 (full 0):
 garbage-first heap   total 57344K, used 13446K [0x00000000c9000000, 0x0000000100000000)
  region size 1024K, 2 young (2048K), 2 survivors (2048K)
 Metaspace       used 19920K, committed 20288K, reserved 1114112K
  class space    used 2402K, committed 2560K, reserved 1048576K
}
Event: 237.496 GC heap before
{Heap before GC invocations=11 (full 0):
 garbage-first heap   total 57344K, used 21638K [0x00000000c9000000, 0x0000000100000000)
  region size 1024K, 11 young (11264K), 2 survivors (2048K)
 Metaspace       used 21278K, committed 21504K, reserved 1114112K
  class space    used 2581K, committed 2688K, reserved 1048576K
}
Event: 237.553 GC heap after
{Heap after GC invocations=12 (full 0):
 garbage-first heap   total 57344K, used 13986K [0x00000000c9000000, 0x0000000100000000)
  region size 1024K, 2 young (2048K), 2 survivors (2048K)
 Metaspace       used 21278K, committed 21504K, reserved 1114112K
  class space    used 2581K, committed 2688K, reserved 1048576K
}
Event: 255.626 GC heap before
{Heap before GC invocations=13 (full 0):
 garbage-first heap   total 51200K, used 42658K [0x00000000c9000000, 0x0000000100000000)
  region size 1024K, 30 young (30720K), 2 survivors (2048K)
 Metaspace       used 26064K, committed 26560K, reserved 1114112K
  class space    used 3298K, committed 3520K, reserved 1048576K
}
Event: 255.637 GC heap after
{Heap after GC invocations=14 (full 0):
 garbage-first heap   total 51200K, used 16850K [0x00000000c9000000, 0x0000000100000000)
  region size 1024K, 4 young (4096K), 4 survivors (4096K)
 Metaspace       used 26064K, committed 26560K, reserved 1114112K
  class space    used 3298K, committed 3520K, reserved 1048576K
}
Event: 295.890 GC heap before
{Heap before GC invocations=14 (full 0):
 garbage-first heap   total 51200K, used 40402K [0x00000000c9000000, 0x0000000100000000)
  region size 1024K, 28 young (28672K), 4 survivors (4096K)
 Metaspace       used 30214K, committed 30784K, reserved 1114112K
  class space    used 3812K, committed 4032K, reserved 1048576K
}
Event: 295.903 GC heap after
{Heap after GC invocations=15 (full 0):
 garbage-first heap   total 51200K, used 19018K [0x00000000c9000000, 0x0000000100000000)
  region size 1024K, 3 young (3072K), 3 survivors (3072K)
 Metaspace       used 30214K, committed 30784K, reserved 1114112K
  class space    used 3812K, committed 4032K, reserved 1048576K
}
Event: 333.989 GC heap before
{Heap before GC invocations=15 (full 0):
 garbage-first heap   total 51200K, used 25162K [0x00000000c9000000, 0x0000000100000000)
  region size 1024K, 11 young (11264K), 3 survivors (3072K)
 Metaspace       used 35459K, committed 35968K, reserved 1114112K
  class space    used 4406K, committed 4608K, reserved 1048576K
}
Event: 333.996 GC heap after
{Heap after GC invocations=16 (full 0):
 garbage-first heap   total 51200K, used 19928K [0x00000000c9000000, 0x0000000100000000)
  region size 1024K, 4 young (4096K), 4 survivors (4096K)
 Metaspace       used 35459K, committed 35968K, reserved 1114112K
  class space    used 4406K, committed 4608K, reserved 1048576K
}

