# JRE version: OpenJDK Runtime Environment Temurin-17.0.13+11 (17.0.13+11) (build 17.0.13+11)
# Java VM: OpenJDK 64-Bit Server VM Temurin-17.0.13+11 (17.0.13+11, mixed mode, tiered, compressed oops, compressed class ptrs, parallel gc, windows-amd64)
GC Precious Log:
 CPUs: 4 total, 4 available
 Memory: 3517M
 Large Page Support: Disabled
 NUMA Support: Disabled
 Compressed Oops: Enabled (32-bit)
 Alignments: Space 512K, Generation 512K, Heap 2M
 Heap Min Capacity: 100M
 Heap Initial Capacity: 100M
 Heap Max Capacity: 1G
 Pre-touch: Disabled
 Parallel Workers: 4
Heap:
 PSYoungGen      total 21504K, used 11167K [0x00000000eab00000, 0x00000000ec280000, 0x0000000100000000)
  eden space 20992K, 50% used [0x00000000eab00000,0x00000000eb56b970,0x00000000ebf80000)
  from space 512K, 97% used [0x00000000ec200000,0x00000000ec27c2a8,0x00000000ec280000)
  to   space 1024K, 0% used [0x00000000ec080000,0x00000000ec080000,0x00000000ec180000)
 ParOldGen       total 68608K, used 44544K [0x00000000c0000000, 0x00000000c4300000, 0x00000000eab00000)
  object space 68608K, 64% used [0x00000000c0000000,0x00000000c2b801b8,0x00000000c4300000)
 Metaspace       used 62897K, committed 64192K, reserved 1114112K
  class space    used 6694K, committed 7232K, reserved 1048576K
GC Heap History (20 events):
Event: 193.637 GC heap before
{Heap before GC invocations=29 (full 3):
 PSYoungGen      total 22016K, used 21997K [0x00000000eab00000, 0x00000000ec380000, 0x0000000100000000)
  eden space 20992K, 100% used [0x00000000eab00000,0x00000000ebf80000,0x00000000ebf80000)
  from space 1024K, 98% used [0x00000000ec000000,0x00000000ec0fb7e8,0x00000000ec100000)
  to   space 2048K, 0% used [0x00000000ec180000,0x00000000ec180000,0x00000000ec380000)
 ParOldGen       total 68608K, used 30320K [0x00000000c0000000, 0x00000000c4300000, 0x00000000eab00000)
  object space 68608K, 44% used [0x00000000c0000000,0x00000000c1d9c228,0x00000000c4300000)
 Metaspace       used 60081K, committed 61248K, reserved 1114112K
  class space    used 6449K, committed 6912K, reserved 1048576K
}
Event: 193.639 GC heap after
{Heap after GC invocations=29 (full 3):
 PSYoungGen      total 21504K, used 192K [0x00000000eab00000, 0x00000000ec200000, 0x0000000100000000)
  eden space 20992K, 0% used [0x00000000eab00000,0x00000000eab00000,0x00000000ebf80000)
  from space 512K, 37% used [0x00000000ec180000,0x00000000ec1b0000,0x00000000ec200000)
  to   space 1024K, 0% used [0x00000000ec000000,0x00000000ec000000,0x00000000ec100000)
 ParOldGen       total 68608K, used 30799K [0x00000000c0000000, 0x00000000c4300000, 0x00000000eab00000)
  object space 68608K, 44% used [0x00000000c0000000,0x00000000c1e13c60,0x00000000c4300000)
 Metaspace       used 60081K, committed 61248K, reserved 1114112K
  class space    used 6449K, committed 6912K, reserved 1048576K
}
Event: 197.653 GC heap before
{Heap before GC invocations=30 (full 3):
 PSYoungGen      total 21504K, used 21184K [0x00000000eab00000, 0x00000000ec200000, 0x0000000100000000)
  eden space 20992K, 100% used [0x00000000eab00000,0x00000000ebf80000,0x00000000ebf80000)
  from space 512K, 37% used [0x00000000ec180000,0x00000000ec1b0000,0x00000000ec200000)
  to   space 1024K, 0% used [0x00000000ec000000,0x00000000ec000000,0x00000000ec100000)
 ParOldGen       total 68608K, used 30799K [0x00000000c0000000, 0x00000000c4300000, 0x00000000eab00000)
  object space 68608K, 44% used [0x00000000c0000000,0x00000000c1e13c60,0x00000000c4300000)
 Metaspace       used 61999K, committed 63296K, reserved 1114112K
  class space    used 6624K, committed 7168K, reserved 1048576K
}
Event: 197.656 GC heap after
{Heap after GC invocations=30 (full 3):
 PSYoungGen      total 22016K, used 1024K [0x00000000eab00000, 0x00000000ec380000, 0x0000000100000000)
  eden space 20992K, 0% used [0x00000000eab00000,0x00000000eab00000,0x00000000ebf80000)
  from space 1024K, 100% used [0x00000000ec000000,0x00000000ec100000,0x00000000ec100000)
  to   space 2048K, 0% used [0x00000000ec180000,0x00000000ec180000,0x00000000ec380000)
 ParOldGen       total 68608K, used 31296K [0x00000000c0000000, 0x00000000c4300000, 0x00000000eab00000)
  object space 68608K, 45% used [0x00000000c0000000,0x00000000c1e902a0,0x00000000c4300000)
 Metaspace       used 61999K, committed 63296K, reserved 1114112K
  class space    used 6624K, committed 7168K, reserved 1048576K
}
Event: 197.715 GC heap before
{Heap before GC invocations=31 (full 3):
 PSYoungGen      total 22016K, used 22016K [0x00000000eab00000, 0x00000000ec380000, 0x0000000100000000)
  eden space 20992K, 100% used [0x00000000eab00000,0x00000000ebf80000,0x00000000ebf80000)
  from space 1024K, 100% used [0x00000000ec000000,0x00000000ec100000,0x00000000ec100000)
  to   space 2048K, 0% used [0x00000000ec180000,0x00000000ec180000,0x00000000ec380000)
 ParOldGen       total 68608K, used 31296K [0x00000000c0000000, 0x00000000c4300000, 0x00000000eab00000)
  object space 68608K, 45% used [0x00000000c0000000,0x00000000c1e902a0,0x00000000c4300000)
 Metaspace       used 61999K, committed 63296K, reserved 1114112K
  class space    used 6624K, committed 7168K, reserved 1048576K
}
Event: 197.719 GC heap after
{Heap after GC invocations=31 (full 3):
 PSYoungGen      total 23040K, used 1792K [0x00000000eab00000, 0x00000000ec380000, 0x0000000100000000)
  eden space 20992K, 0% used [0x00000000eab00000,0x00000000eab00000,0x00000000ebf80000)
  from space 2048K, 87% used [0x00000000ec180000,0x00000000ec340000,0x00000000ec380000)
  to   space 2048K, 0% used [0x00000000ebf80000,0x00000000ebf80000,0x00000000ec180000)
 ParOldGen       total 68608K, used 32294K [0x00000000c0000000, 0x00000000c4300000, 0x00000000eab00000)
  object space 68608K, 47% used [0x00000000c0000000,0x00000000c1f89810,0x00000000c4300000)
 Metaspace       used 61999K, committed 63296K, reserved 1114112K
  class space    used 6624K, committed 7168K, reserved 1048576K
}
Event: 197.766 GC heap before
{Heap before GC invocations=32 (full 3):
 PSYoungGen      total 23040K, used 22784K [0x00000000eab00000, 0x00000000ec380000, 0x0000000100000000)
  eden space 20992K, 100% used [0x00000000eab00000,0x00000000ebf80000,0x00000000ebf80000)
  from space 2048K, 87% used [0x00000000ec180000,0x00000000ec340000,0x00000000ec380000)
  to   space 2048K, 0% used [0x00000000ebf80000,0x00000000ebf80000,0x00000000ec180000)
 ParOldGen       total 68608K, used 32294K [0x00000000c0000000, 0x00000000c4300000, 0x00000000eab00000)
  object space 68608K, 47% used [0x00000000c0000000,0x00000000c1f89810,0x00000000c4300000)
 Metaspace       used 62015K, committed 63296K, reserved 1114112K
  class space    used 6625K, committed 7168K, reserved 1048576K
}
Event: 197.772 GC heap after
{Heap after GC invocations=32 (full 3):
 PSYoungGen      total 23040K, used 2020K [0x00000000eab00000, 0x00000000ec880000, 0x0000000100000000)
  eden space 20992K, 0% used [0x00000000eab00000,0x00000000eab00000,0x00000000ebf80000)
  from space 2048K, 98% used [0x00000000ebf80000,0x00000000ec179000,0x00000000ec180000)
  to   space 4608K, 0% used [0x00000000ec400000,0x00000000ec400000,0x00000000ec880000)
 ParOldGen       total 68608K, used 34246K [0x00000000c0000000, 0x00000000c4300000, 0x00000000eab00000)
  object space 68608K, 49% used [0x00000000c0000000,0x00000000c2171810,0x00000000c4300000)
 Metaspace       used 62015K, committed 63296K, reserved 1114112K
  class space    used 6625K, committed 7168K, reserved 1048576K
}
Event: 198.505 GC heap before
{Heap before GC invocations=33 (full 3):
 PSYoungGen      total 23040K, used 23012K [0x00000000eab00000, 0x00000000ec880000, 0x0000000100000000)
  eden space 20992K, 100% used [0x00000000eab00000,0x00000000ebf80000,0x00000000ebf80000)
  from space 2048K, 98% used [0x00000000ebf80000,0x00000000ec179000,0x00000000ec180000)
  to   space 4608K, 0% used [0x00000000ec400000,0x00000000ec400000,0x00000000ec880000)
 ParOldGen       total 68608K, used 34246K [0x00000000c0000000, 0x00000000c4300000, 0x00000000eab00000)
  object space 68608K, 49% used [0x00000000c0000000,0x00000000c2171810,0x00000000c4300000)
 Metaspace       used 62135K, committed 63424K, reserved 1114112K
  class space    used 6636K, committed 7168K, reserved 1048576K
}
Event: 198.516 GC heap after
{Heap after GC invocations=33 (full 3):
 PSYoungGen      total 23552K, used 2208K [0x00000000eab00000, 0x00000000ec680000, 0x0000000100000000)
  eden space 20992K, 0% used [0x00000000eab00000,0x00000000eab00000,0x00000000ebf80000)
  from space 2560K, 86% used [0x00000000ec400000,0x00000000ec628030,0x00000000ec680000)
  to   space 3072K, 0% used [0x00000000ec080000,0x00000000ec080000,0x00000000ec380000)
 ParOldGen       total 68608K, used 36258K [0x00000000c0000000, 0x00000000c4300000, 0x00000000eab00000)
  object space 68608K, 52% used [0x00000000c0000000,0x00000000c2368810,0x00000000c4300000)
 Metaspace       used 62135K, committed 63424K, reserved 1114112K
  class space    used 6636K, committed 7168K, reserved 1048576K
}
Event: 230.304 GC heap before
{Heap before GC invocations=34 (full 3):
 PSYoungGen      total 23552K, used 23200K [0x00000000eab00000, 0x00000000ec680000, 0x0000000100000000)
  eden space 20992K, 100% used [0x00000000eab00000,0x00000000ebf80000,0x00000000ebf80000)
  from space 2560K, 86% used [0x00000000ec400000,0x00000000ec628030,0x00000000ec680000)
  to   space 3072K, 0% used [0x00000000ec080000,0x00000000ec080000,0x00000000ec380000)
 ParOldGen       total 68608K, used 36258K [0x00000000c0000000, 0x00000000c4300000, 0x00000000eab00000)
  object space 68608K, 52% used [0x00000000c0000000,0x00000000c2368810,0x00000000c4300000)
 Metaspace       used 62533K, committed 63744K, reserved 1114112K
  class space    used 6669K, committed 7168K, reserved 1048576K
}
Event: 230.318 GC heap after
{Heap after GC invocations=34 (full 3):
 PSYoungGen      total 23040K, used 1754K [0x00000000eab00000, 0x00000000ec480000, 0x0000000100000000)
  eden space 20992K, 0% used [0x00000000eab00000,0x00000000eab00000,0x00000000ebf80000)
  from space 2048K, 85% used [0x00000000ec080000,0x00000000ec236be0,0x00000000ec280000)
  to   space 2048K, 0% used [0x00000000ec280000,0x00000000ec280000,0x00000000ec480000)
 ParOldGen       total 68608K, used 38394K [0x00000000c0000000, 0x00000000c4300000, 0x00000000eab00000)
  object space 68608K, 55% used [0x00000000c0000000,0x00000000c257e840,0x00000000c4300000)
 Metaspace       used 62533K, committed 63744K, reserved 1114112K
  class space    used 6669K, committed 7168K, reserved 1048576K
}
Event: 240.004 GC heap before
{Heap before GC invocations=35 (full 3):
 PSYoungGen      total 23040K, used 22746K [0x00000000eab00000, 0x00000000ec480000, 0x0000000100000000)
  eden space 20992K, 100% used [0x00000000eab00000,0x00000000ebf80000,0x00000000ebf80000)
  from space 2048K, 85% used [0x00000000ec080000,0x00000000ec236be0,0x00000000ec280000)
  to   space 2048K, 0% used [0x00000000ec280000,0x00000000ec280000,0x00000000ec480000)
 ParOldGen       total 68608K, used 38394K [0x00000000c0000000, 0x00000000c4300000, 0x00000000eab00000)
  object space 68608K, 55% used [0x00000000c0000000,0x00000000c257e840,0x00000000c4300000)
 Metaspace       used 62566K, committed 63872K, reserved 1114112K
  class space    used 6672K, committed 7232K, reserved 1048576K
}
Event: 240.009 GC heap after
{Heap after GC invocations=35 (full 3):
 PSYoungGen      total 23040K, used 1623K [0x00000000eab00000, 0x00000000ec480000, 0x0000000100000000)
  eden space 20992K, 0% used [0x00000000eab00000,0x00000000eab00000,0x00000000ebf80000)
  from space 2048K, 79% used [0x00000000ec280000,0x00000000ec415e78,0x00000000ec480000)
  to   space 2048K, 0% used [0x00000000ec080000,0x00000000ec080000,0x00000000ec280000)
 ParOldGen       total 68608K, used 40053K [0x00000000c0000000, 0x00000000c4300000, 0x00000000eab00000)
  object space 68608K, 58% used [0x00000000c0000000,0x00000000c271d420,0x00000000c4300000)
 Metaspace       used 62566K, committed 63872K, reserved 1114112K
  class space    used 6672K, committed 7232K, reserved 1048576K
}
Event: 240.102 GC heap before
{Heap before GC invocations=36 (full 3):
 PSYoungGen      total 23040K, used 22615K [0x00000000eab00000, 0x00000000ec480000, 0x0000000100000000)
  eden space 20992K, 100% used [0x00000000eab00000,0x00000000ebf80000,0x00000000ebf80000)
  from space 2048K, 79% used [0x00000000ec280000,0x00000000ec415e78,0x00000000ec480000)
  to   space 2048K, 0% used [0x00000000ec080000,0x00000000ec080000,0x00000000ec280000)
 ParOldGen       total 68608K, used 40053K [0x00000000c0000000, 0x00000000c4300000, 0x00000000eab00000)
  object space 68608K, 58% used [0x00000000c0000000,0x00000000c271d420,0x00000000c4300000)
 Metaspace       used 62566K, committed 63872K, reserved 1114112K
  class space    used 6672K, committed 7232K, reserved 1048576K
}
Event: 240.107 GC heap after
{Heap after GC invocations=36 (full 3):
 PSYoungGen      total 21504K, used 416K [0x00000000eab00000, 0x00000000ec300000, 0x0000000100000000)
  eden space 20992K, 0% used [0x00000000eab00000,0x00000000eab00000,0x00000000ebf80000)
  from space 512K, 81% used [0x00000000ec080000,0x00000000ec0e8000,0x00000000ec100000)
  to   space 1024K, 0% used [0x00000000ec200000,0x00000000ec200000,0x00000000ec300000)
 ParOldGen       total 68608K, used 41655K [0x00000000c0000000, 0x00000000c4300000, 0x00000000eab00000)
  object space 68608K, 60% used [0x00000000c0000000,0x00000000c28adf60,0x00000000c4300000)
 Metaspace       used 62566K, committed 63872K, reserved 1114112K
  class space    used 6672K, committed 7232K, reserved 1048576K
}
Event: 240.400 GC heap before
{Heap before GC invocations=37 (full 3):
 PSYoungGen      total 21504K, used 21408K [0x00000000eab00000, 0x00000000ec300000, 0x0000000100000000)
  eden space 20992K, 100% used [0x00000000eab00000,0x00000000ebf80000,0x00000000ebf80000)
  from space 512K, 81% used [0x00000000ec080000,0x00000000ec0e8000,0x00000000ec100000)
  to   space 1024K, 0% used [0x00000000ec200000,0x00000000ec200000,0x00000000ec300000)
 ParOldGen       total 68608K, used 41655K [0x00000000c0000000, 0x00000000c4300000, 0x00000000eab00000)
  object space 68608K, 60% used [0x00000000c0000000,0x00000000c28adf60,0x00000000c4300000)
 Metaspace       used 62566K, committed 63872K, reserved 1114112K
  class space    used 6672K, committed 7232K, reserved 1048576K
}
Event: 240.403 GC heap after
{Heap after GC invocations=37 (full 3):
 PSYoungGen      total 21504K, used 448K [0x00000000eab00000, 0x00000000ec280000, 0x0000000100000000)
  eden space 20992K, 0% used [0x00000000eab00000,0x00000000eab00000,0x00000000ebf80000)
  from space 512K, 87% used [0x00000000ec200000,0x00000000ec270000,0x00000000ec280000)
  to   space 1024K, 0% used [0x00000000ec080000,0x00000000ec080000,0x00000000ec180000)
 ParOldGen       total 68608K, used 42039K [0x00000000c0000000, 0x00000000c4300000, 0x00000000eab00000)
  object space 68608K, 61% used [0x00000000c0000000,0x00000000c290df60,0x00000000c4300000)
 Metaspace       used 62566K, committed 63872K, reserved 1114112K
  class space    used 6672K, committed 7232K, reserved 1048576K
}
Event: 240.475 GC heap before
{Heap before GC invocations=38 (full 3):
 PSYoungGen      total 21504K, used 21440K [0x00000000eab00000, 0x00000000ec280000, 0x0000000100000000)
  eden space 20992K, 100% used [0x00000000eab00000,0x00000000ebf80000,0x00000000ebf80000)
  from space 512K, 87% used [0x00000000ec200000,0x00000000ec270000,0x00000000ec280000)
  to   space 1024K, 0% used [0x00000000ec080000,0x00000000ec080000,0x00000000ec180000)
 ParOldGen       total 68608K, used 42039K [0x00000000c0000000, 0x00000000c4300000, 0x00000000eab00000)
  object space 68608K, 61% used [0x00000000c0000000,0x00000000c290df60,0x00000000c4300000)
 Metaspace       used 62566K, committed 63872K, reserved 1114112K
  class space    used 6672K, committed 7232K, reserved 1048576K
}
Event: 240.477 GC heap after
{Heap after GC invocations=38 (full 3):
 PSYoungGen      total 22016K, used 480K [0x00000000eab00000, 0x00000000ec280000, 0x0000000100000000)
  eden space 20992K, 0% used [0x00000000eab00000,0x00000000eab00000,0x00000000ebf80000)
  from space 1024K, 46% used [0x00000000ec080000,0x00000000ec0f8000,0x00000000ec180000)
  to   space 512K, 0% used [0x00000000ec200000,0x00000000ec200000,0x00000000ec280000)
 ParOldGen       total 68608K, used 42439K [0x00000000c0000000, 0x00000000c4300000, 0x00000000eab00000)
  object space 68608K, 61% used [0x00000000c0000000,0x00000000c2971f60,0x00000000c4300000)
 Metaspace       used 62566K, committed 63872K, reserved 1114112K
  class space    used 6672K, committed 7232K, reserved 1048576K
}

